# JRE version: Java(TM) SE Runtime Environment (8.0_25-b18) (build 1.8.0_25-b18)
# Java VM: Java HotSpot(TM) 64-Bit Server VM (25.25-b02 mixed mode windows-amd64 compressed oops)
Heap:
 PSYoungGen      total 210944K, used 53675K [0x00000000ebd80000, 0x00000000fbb00000, 0x0000000100000000)
  eden space 167936K, 29% used [0x00000000ebd80000,0x00000000eee39ae0,0x00000000f6180000)
  from space 43008K, 8% used [0x00000000f6180000,0x00000000f65312d0,0x00000000f8b80000)
  to   space 41984K, 0% used [0x00000000f9200000,0x00000000f9200000,0x00000000fbb00000)
 ParOldGen       total 340480K, used 194812K [0x00000000c3800000, 0x00000000d8480000, 0x00000000ebd80000)
  object space 340480K, 57% used [0x00000000c3800000,0x00000000cf63f2a8,0x00000000d8480000)
 Metaspace       used 18656K, capacity 18882K, committed 18944K, reserved 1067008K
  class space    used 2210K, capacity 2281K, committed 2304K, reserved 1048576K
GC Heap History (10 events):
Event: 26.879 GC heap before
{Heap before GC invocations=17 (full 3):
 PSYoungGen      total 179200K, used 173394K [0x00000000ebd80000, 0x00000000fa280000, 0x0000000100000000)
  eden space 145920K, 100% used [0x00000000ebd80000,0x00000000f4c00000,0x00000000f4c00000)
  from space 33280K, 82% used [0x00000000f4c00000,0x00000000f66d4870,0x00000000f6c80000)
  to   space 37888K, 0% used [0x00000000f7d80000,0x00000000f7d80000,0x00000000fa280000)
 ParOldGen       total 226816K, used 138798K [0x00000000c3800000, 0x00000000d1580000, 0x00000000ebd80000)
  object space 226816K, 61% used [0x00000000c3800000,0x00000000cbf8bb80,0x00000000d1580000)
 Metaspace       used 16796K, capacity 16936K, committed 17152K, reserved 1064960K
  class space    used 1984K, capacity 2022K, committed 2048K, reserved 1048576K
Event: 26.883 GC heap after
Heap after GC invocations=17 (full 3):
 PSYoungGen      total 192512K, used 6713K [0x00000000ebd80000, 0x00000000f9e80000, 0x0000000100000000)
  eden space 158720K, 0% used [0x00000000ebd80000,0x00000000ebd80000,0x00000000f5880000)
  from space 33792K, 19% used [0x00000000f7d80000,0x00000000f840e4c0,0x00000000f9e80000)
  to   space 35840K, 0% used [0x00000000f5880000,0x00000000f5880000,0x00000000f7b80000)
 ParOldGen       total 226816K, used 138798K [0x00000000c3800000, 0x00000000d1580000, 0x00000000ebd80000)
  object space 226816K, 61% used [0x00000000c3800000,0x00000000cbf8bb80,0x00000000d1580000)
 Metaspace       used 16796K, capacity 16936K, committed 17152K, reserved 1064960K
  class space    used 1984K, capacity 2022K, committed 2048K, reserved 1048576K
}
Event: 107.565 GC heap before
{Heap before GC invocations=18 (full 3):
 PSYoungGen      total 192512K, used 165433K [0x00000000ebd80000, 0x00000000f9e80000, 0x0000000100000000)
  eden space 158720K, 100% used [0x00000000ebd80000,0x00000000f5880000,0x00000000f5880000)
  from space 33792K, 19% used [0x00000000f7d80000,0x00000000f840e4c0,0x00000000f9e80000)
  to   space 35840K, 0% used [0x00000000f5880000,0x00000000f5880000,0x00000000f7b80000)
 ParOldGen       total 226816K, used 138798K [0x00000000c3800000, 0x00000000d1580000, 0x00000000ebd80000)
  object space 226816K, 61% used [0x00000000c3800000,0x00000000cbf8bb80,0x00000000d1580000)
 Metaspace       used 18391K, capacity 18498K, committed 18688K, reserved 1064960K
  class space    used 2184K, capacity 2217K, committed 2304K, reserved 1048576K
Event: 107.606 GC heap after
Heap after GC invocations=18 (full 3):
 PSYoungGen      total 194560K, used 30458K [0x00000000ebd80000, 0x00000000fb380000, 0x0000000100000000)
  eden space 158720K, 0% used [0x00000000ebd80000,0x00000000ebd80000,0x00000000f5880000)
  from space 35840K, 84% used [0x00000000f5880000,0x00000000f763ebc8,0x00000000f7b80000)
  to   space 40960K, 0% used [0x00000000f8b80000,0x00000000f8b80000,0x00000000fb380000)
 ParOldGen       total 226816K, used 190076K [0x00000000c3800000, 0x00000000d1580000, 0x00000000ebd80000)
  object space 226816K, 83% used [0x00000000c3800000,0x00000000cf19f1c0,0x00000000d1580000)
 Metaspace       used 18391K, capacity 18498K, committed 18688K, reserved 1064960K
  class space    used 2184K, capacity 2217K, committed 2304K, reserved 1048576K
}
Event: 107.606 GC heap before
{Heap before GC invocations=19 (full 4):
 PSYoungGen      total 194560K, used 30458K [0x00000000ebd80000, 0x00000000fb380000, 0x0000000100000000)
  eden space 158720K, 0% used [0x00000000ebd80000,0x00000000ebd80000,0x00000000f5880000)
  from space 35840K, 84% used [0x00000000f5880000,0x00000000f763ebc8,0x00000000f7b80000)
  to   space 40960K, 0% used [0x00000000f8b80000,0x00000000f8b80000,0x00000000fb380000)
 ParOldGen       total 226816K, used 190076K [0x00000000c3800000, 0x00000000d1580000, 0x00000000ebd80000)
  object space 226816K, 83% used [0x00000000c3800000,0x00000000cf19f1c0,0x00000000d1580000)
 Metaspace       used 18391K, capacity 18498K, committed 18688K, reserved 1064960K
  class space    used 2184K, capacity 2217K, committed 2304K, reserved 1048576K
Event: 107.639 GC heap after
Heap after GC invocations=19 (full 4):
 PSYoungGen      total 194560K, used 0K [0x00000000ebd80000, 0x00000000fb380000, 0x0000000100000000)
  eden space 158720K, 0% used [0x00000000ebd80000,0x00000000ebd80000,0x00000000f5880000)
  from space 35840K, 0% used [0x00000000f5880000,0x00000000f5880000,0x00000000f7b80000)
  to   space 40960K, 0% used [0x00000000f8b80000,0x00000000f8b80000,0x00000000fb380000)
 ParOldGen       total 340480K, used 143535K [0x00000000c3800000, 0x00000000d8480000, 0x00000000ebd80000)
  object space 340480K, 42% used [0x00000000c3800000,0x00000000cc42bc68,0x00000000d8480000)
 Metaspace       used 18391K, capacity 18498K, committed 18688K, reserved 1064960K
  class space    used 2184K, capacity 2217K, committed 2304K, reserved 1048576K
}
Event: 142.863 GC heap before
{Heap before GC invocations=20 (full 4):
 PSYoungGen      total 194560K, used 158720K [0x00000000ebd80000, 0x00000000fb380000, 0x0000000100000000)
  eden space 158720K, 100% used [0x00000000ebd80000,0x00000000f5880000,0x00000000f5880000)
  from space 35840K, 0% used [0x00000000f5880000,0x00000000f5880000,0x00000000f7b80000)
  to   space 40960K, 0% used [0x00000000f8b80000,0x00000000f8b80000,0x00000000fb380000)
 ParOldGen       total 340480K, used 143535K [0x00000000c3800000, 0x00000000d8480000, 0x00000000ebd80000)
  object space 340480K, 42% used [0x00000000c3800000,0x00000000cc42bc68,0x00000000d8480000)
 Metaspace       used 18617K, capacity 18818K, committed 18944K, reserved 1067008K
  class space    used 2208K, capacity 2281K, committed 2304K, reserved 1048576K
Event: 142.891 GC heap after
Heap after GC invocations=20 (full 4):
 PSYoungGen      total 208896K, used 25954K [0x00000000ebd80000, 0x00000000fb800000, 0x0000000100000000)
  eden space 167936K, 0% used [0x00000000ebd80000,0x00000000ebd80000,0x00000000f6180000)
  from space 40960K, 63% used [0x00000000f8b80000,0x00000000fa4d8b40,0x00000000fb380000)
  to   space 43008K, 0% used [0x00000000f6180000,0x00000000f6180000,0x00000000f8b80000)
 ParOldGen       total 340480K, used 194812K [0x00000000c3800000, 0x00000000d8480000, 0x00000000ebd80000)
  object space 340480K, 57% used [0x00000000c3800000,0x00000000cf63f2a8,0x00000000d8480000)
 Metaspace       used 18617K, capacity 18818K, committed 18944K, reserved 1067008K
  class space    used 2208K, capacity 2281K, committed 2304K, reserved 1048576K
}
Event: 143.623 GC heap before
{Heap before GC invocations=21 (full 4):
 PSYoungGen      total 208896K, used 193890K [0x00000000ebd80000, 0x00000000fb800000, 0x0000000100000000)
  eden space 167936K, 100% used [0x00000000ebd80000,0x00000000f6180000,0x00000000f6180000)
  from space 40960K, 63% used [0x00000000f8b80000,0x00000000fa4d8b40,0x00000000fb380000)
  to   space 43008K, 0% used [0x00000000f6180000,0x00000000f6180000,0x00000000f8b80000)
 ParOldGen       total 340480K, used 194812K [0x00000000c3800000, 0x00000000d8480000, 0x00000000ebd80000)
  object space 340480K, 57% used [0x00000000c3800000,0x00000000cf63f2a8,0x00000000d8480000)
 Metaspace       used 18617K, capacity 18818K, committed 18944K, reserved 1067008K
  class space    used 2208K, capacity 2281K, committed 2304K, reserved 1048576K
Event: 143.625 GC heap after
Heap after GC invocations=21 (full 4):
 PSYoungGen      total 210944K, used 3780K [0x00000000ebd80000, 0x00000000fbb00000, 0x0000000100000000)
  eden space 167936K, 0% used [0x00000000ebd80000,0x00000000ebd80000,0x00000000f6180000)
  from space 43008K, 8% used [0x00000000f6180000,0x00000000f65312d0,0x00000000f8b80000)
  to   space 41984K, 0% used [0x00000000f9200000,0x00000000f9200000,0x00000000fbb00000)
 ParOldGen       total 340480K, used 194812K [0x00000000c3800000, 0x00000000d8480000, 0x00000000ebd80000)
  object space 340480K, 57% used [0x00000000c3800000,0x00000000cf63f2a8,0x00000000d8480000)
 Metaspace       used 18617K, capacity 18818K, committed 18944K, reserved 1067008K
  class space    used 2208K, capacity 2281K, committed 2304K, reserved 1048576K
}

